<?xml version="1.0" encoding="UTF-8"?>
<testng-results skipped="0" failed="0" ignored="0" total="3" passed="3">
  <reporter-output>
    <line>
      <![CDATA[出口商TEOR]]>
    </line>
    <line>
      <![CDATA[出口商TEOR]]>
    </line>
    <line>
      <![CDATA[出口商TEOR]]>
    </line>
  </reporter-output>
  <suite name="suite" duration-ms="116464" started-at="2019-03-01T02:22:27Z" finished-at="2019-03-01T02:24:24Z">
    <groups>
    </groups>
    <test name="testName" duration-ms="116464" started-at="2019-03-01T02:22:27Z" finished-at="2019-03-01T02:24:24Z">
      <class name="com.demo.TestDemo">
        <test-method status="PASS" signature="setUp()[pri:0, instance:com.demo.TestDemo@a7bbdbc]" name="setUp" is-config="true" duration-ms="18638" started-at="2019-03-01T02:22:27Z" finished-at="2019-03-01T02:22:46Z">
          <reporter-output>
          </reporter-output>
        </test-method> <!-- setUp -->
        <test-method status="PASS" signature="test(java.lang.String, java.lang.String)[pri:0, instance:com.demo.TestDemo@a7bbdbc]" name="test" duration-ms="33082" started-at="2019-03-01T02:22:46Z" data-provider="getData" finished-at="2019-03-01T02:23:19Z">
          <params>
            <param index="0">
              <value>
                <![CDATA[123456]]>
              </value>
            </param>
            <param index="1">
              <value>
                <![CDATA[654321]]>
              </value>
            </param>
          </params>
          <reporter-output>
            <line>
              <![CDATA[出口商TEOR]]>
            </line>
          </reporter-output>
        </test-method> <!-- test -->
        <test-method status="PASS" signature="test(java.lang.String, java.lang.String)[pri:0, instance:com.demo.TestDemo@a7bbdbc]" name="test" duration-ms="32088" started-at="2019-03-01T02:23:20Z" data-provider="getData" finished-at="2019-03-01T02:23:52Z">
          <params>
            <param index="0">
              <value>
                <![CDATA[234567]]>
              </value>
            </param>
            <param index="1">
              <value>
                <![CDATA[765432]]>
              </value>
            </param>
          </params>
          <reporter-output>
            <line>
              <![CDATA[出口商TEOR]]>
            </line>
          </reporter-output>
        </test-method> <!-- test -->
        <test-method status="PASS" signature="test(java.lang.String, java.lang.String)[pri:0, instance:com.demo.TestDemo@a7bbdbc]" name="test" duration-ms="29164" started-at="2019-03-01T02:23:52Z" data-provider="getData" finished-at="2019-03-01T02:24:21Z">
          <params>
            <param index="0">
              <value>
                <![CDATA[345678]]>
              </value>
            </param>
            <param index="1">
              <value>
                <![CDATA[876543]]>
              </value>
            </param>
          </params>
          <reporter-output>
            <line>
              <![CDATA[出口商TEOR]]>
            </line>
          </reporter-output>
        </test-method> <!-- test -->
        <test-method status="PASS" signature="tearDown()[pri:0, instance:com.demo.TestDemo@a7bbdbc]" name="tearDown" is-config="true" duration-ms="2997" started-at="2019-03-01T02:24:21Z" finished-at="2019-03-01T02:24:24Z">
          <reporter-output>
          </reporter-output>
        </test-method> <!-- tearDown -->
      </class> <!-- com.demo.TestDemo -->
    </test> <!-- testName -->
  </suite> <!-- suite -->
</testng-results>
